<?xml version="1.0" encoding="UTF-8"?>
<!-- Generated by org.testng.reporters.JUnitXMLReporter -->
<testsuite hostname="bob-pc" name="stockparser" tests="3" failures="1" timestamp="3 Dec 2018 02:50:50 GMT" time="93.812" errors="0">
  <testcase name="scenario" time="53.817" classname="tests.TestRunner">
    <failure type="org.openqa.selenium.TimeoutException" message="Expected condition failed: waiting for condition to not be valid: text (&amp;apos;N/A&amp;apos;) to be present in element found by By.xpath: //*[@id=&amp;quot;quote-summary&amp;quot;]/div[2]/table/tbody/tr[4]/td[2]/span (tried for 5 second(s) with 500 milliseconds interval)
Build info: version: &amp;apos;3.141.59&amp;apos;, revision: &amp;apos;e82be7d358&amp;apos;, time: &amp;apos;2018-11-14T08:17:03&amp;apos;
System info: host: &amp;apos;BOB-PC&amp;apos;, ip: &amp;apos;192.168.29.176&amp;apos;, os.name: &amp;apos;Windows 8.1&amp;apos;, os.arch: &amp;apos;amd64&amp;apos;, os.version: &amp;apos;6.3&amp;apos;, java.version: &amp;apos;1.8.0_25&amp;apos;
Driver info: org.openqa.selenium.chrome.ChromeDriver
Capabilities {acceptInsecureCerts: false, acceptSslCerts: false, applicationCacheEnabled: false, browserConnectionEnabled: false, browserName: chrome, chrome: {chromedriverVersion: 71.0.3578.30 (5b78d137d0b64..., userDataDir: C:\Users\test\AppData\Local...}, cssSelectorsEnabled: true, databaseEnabled: false, goog:chromeOptions: {debuggerAddress: localhost:58477}, handlesAlerts: true, hasTouchScreen: false, javascriptEnabled: true, locationContextEnabled: true, mobileEmulationEnabled: false, nativeEvents: true, networkConnectionEnabled: false, pageLoadStrategy: normal, platform: XP, platformName: XP, rotatable: false, setWindowRect: true, takesHeapSnapshot: true, takesScreenshot: true, unexpectedAlertBehaviour: , unhandledPromptBehavior: , version: 70.0.3538.110, webStorageEnabled: true}
Session ID: 37751f46b48c319584aaa2f9130fae4c">
      <![CDATA[org.openqa.selenium.TimeoutException: Expected condition failed: waiting for condition to not be valid: text ('N/A') to be present in element found by By.xpath: //*[@id="quote-summary"]/div[2]/table/tbody/tr[4]/td[2]/span (tried for 5 second(s) with 500 milliseconds interval)
Build info: version: '3.141.59', revision: 'e82be7d358', time: '2018-11-14T08:17:03'
System info: host: 'BOB-PC', ip: '192.168.29.176', os.name: 'Windows 8.1', os.arch: 'amd64', os.version: '6.3', java.version: '1.8.0_25'
Driver info: org.openqa.selenium.chrome.ChromeDriver
Capabilities {acceptInsecureCerts: false, acceptSslCerts: false, applicationCacheEnabled: false, browserConnectionEnabled: false, browserName: chrome, chrome: {chromedriverVersion: 71.0.3578.30 (5b78d137d0b64..., userDataDir: C:\Users\test\AppData\Local...}, cssSelectorsEnabled: true, databaseEnabled: false, goog:chromeOptions: {debuggerAddress: localhost:58477}, handlesAlerts: true, hasTouchScreen: false, javascriptEnabled: true, locationContextEnabled: true, mobileEmulationEnabled: false, nativeEvents: true, networkConnectionEnabled: false, pageLoadStrategy: normal, platform: XP, platformName: XP, rotatable: false, setWindowRect: true, takesHeapSnapshot: true, takesScreenshot: true, unexpectedAlertBehaviour: , unhandledPromptBehavior: , version: 70.0.3538.110, webStorageEnabled: true}
Session ID: 37751f46b48c319584aaa2f9130fae4c
	at org.openqa.selenium.support.ui.WebDriverWait.timeoutException(WebDriverWait.java:95)
	at org.openqa.selenium.support.ui.FluentWait.until(FluentWait.java:272)
	at pages.StockPage.setEarningsPerShare(StockPage.java:119)
	at stepdefs.StepDefinitions.i_have_the_EPS_of_two_stocks(StepDefinitions.java:77)
	at âœ½.I have the EPS of two stocks(src/test/resources/features/stock.feature:11)
]]>
    </failure>
  </testcase> <!-- scenario -->
  <testcase name="scenario" time="19.491" classname="tests.TestRunner"/>
  <testcase name="scenario" time="16.998" classname="tests.TestRunner"/>
</testsuite> <!-- stockparser -->
